# JRE version: OpenJDK Runtime Environment (21.0.8) (build 21.0.8+-14196175-b1038.72)
# Java VM: OpenJDK 64-Bit Server VM (21.0.8+-14196175-b1038.72, mixed mode, tiered, compressed oops, compressed class ptrs, g1 gc, windows-amd64)
GC Precious Log:
 CardTable entry size: 512
 Card Set container configuration: InlinePtr #cards 4 size 8 Array Of Cards #cards 16 size 48 Howl #buckets 8 coarsen threshold 3686 Howl Bitmap #cards 512 size 80 coarsen threshold 460 Card regions per heap region 1 cards per card region 4096
 CPUs: 4 total, 4 available
 Memory: 4027M
 Large Page Support: Disabled
 NUMA Support: Disabled
 Compressed Oops: Enabled (Zero based)
 Heap Region Size: 2M
 Heap Min Capacity: 8M
 Heap Initial Capacity: 64M
 Heap Max Capacity: 4G
 Pre-touch: Disabled
 Parallel Workers: 4
 Concurrent Workers: 1
 Concurrent Refinement Workers: 4
 Periodic GC: Disabled
Heap:
 garbage-first heap   total 243712K, used 152680K [0x0000000700000000, 0x0000000800000000)
  region size 2048K, 1 young (2048K), 1 survivors (2048K)
 Metaspace       used 123306K, committed 125632K, reserved 1179648K
  class space    used 17417K, committed 18560K, reserved 1048576K
GC Heap History (20 events):
Event: 248.088 GC heap after
{Heap after GC invocations=67 (full 0):
 garbage-first heap   total 188416K, used 112203K [0x0000000700000000, 0x0000000800000000)
  region size 2048K, 2 young (4096K), 2 survivors (4096K)
 Metaspace       used 110578K, committed 112640K, reserved 1179648K
  class space    used 15764K, committed 16768K, reserved 1048576K
}
Event: 255.730 GC heap before
{Heap before GC invocations=67 (full 0):
 garbage-first heap   total 188416K, used 169547K [0x0000000700000000, 0x0000000800000000)
  region size 2048K, 30 young (61440K), 2 survivors (4096K)
 Metaspace       used 114631K, committed 116736K, reserved 1179648K
  class space    used 16345K, committed 17344K, reserved 1048576K
}
Event: 255.772 GC heap after
{Heap after GC invocations=68 (full 0):
 garbage-first heap   total 227328K, used 112753K [0x0000000700000000, 0x0000000800000000)
  region size 2048K, 3 young (6144K), 3 survivors (6144K)
 Metaspace       used 114631K, committed 116736K, reserved 1179648K
  class space    used 16345K, committed 17344K, reserved 1048576K
}
Event: 288.984 GC heap before
{Heap before GC invocations=68 (full 0):
 garbage-first heap   total 227328K, used 206961K [0x0000000700000000, 0x0000000800000000)
  region size 2048K, 48 young (98304K), 3 survivors (6144K)
 Metaspace       used 118674K, committed 120768K, reserved 1179648K
  class space    used 16787K, committed 17792K, reserved 1048576K
}
Event: 289.258 GC heap after
{Heap after GC invocations=69 (full 0):
 garbage-first heap   total 227328K, used 120336K [0x0000000700000000, 0x0000000800000000)
  region size 2048K, 6 young (12288K), 6 survivors (12288K)
 Metaspace       used 118674K, committed 120768K, reserved 1179648K
  class space    used 16787K, committed 17792K, reserved 1048576K
}
Event: 297.943 GC heap before
{Heap before GC invocations=69 (full 0):
 garbage-first heap   total 227328K, used 198160K [0x0000000700000000, 0x0000000800000000)
  region size 2048K, 45 young (92160K), 6 survivors (12288K)
 Metaspace       used 120104K, committed 122304K, reserved 1179648K
  class space    used 16969K, committed 18048K, reserved 1048576K
}
Event: 298.156 GC heap after
{Heap after GC invocations=70 (full 0):
 garbage-first heap   total 227328K, used 128881K [0x0000000700000000, 0x0000000800000000)
  region size 2048K, 5 young (10240K), 5 survivors (10240K)
 Metaspace       used 120104K, committed 122304K, reserved 1179648K
  class space    used 16969K, committed 18048K, reserved 1048576K
}
Event: 317.227 GC heap before
{Heap before GC invocations=70 (full 0):
 garbage-first heap   total 227328K, used 198513K [0x0000000700000000, 0x0000000800000000)
  region size 2048K, 39 young (79872K), 5 survivors (10240K)
 Metaspace       used 122752K, committed 125056K, reserved 1179648K
  class space    used 17356K, committed 18496K, reserved 1048576K
}
Event: 317.625 GC heap after
{Heap after GC invocations=71 (full 0):
 garbage-first heap   total 227328K, used 135210K [0x0000000700000000, 0x0000000800000000)
  region size 2048K, 4 young (8192K), 4 survivors (8192K)
 Metaspace       used 122752K, committed 125056K, reserved 1179648K
  class space    used 17356K, committed 18496K, reserved 1048576K
}
Event: 320.116 GC heap before
{Heap before GC invocations=72 (full 0):
 garbage-first heap   total 229376K, used 147498K [0x0000000700000000, 0x0000000800000000)
  region size 2048K, 10 young (20480K), 4 survivors (8192K)
 Metaspace       used 122927K, committed 125184K, reserved 1179648K
  class space    used 17374K, committed 18496K, reserved 1048576K
}
Event: 322.950 GC heap after
{Heap after GC invocations=73 (full 0):
 garbage-first heap   total 229376K, used 138139K [0x0000000700000000, 0x0000000800000000)
  region size 2048K, 2 young (4096K), 2 survivors (4096K)
 Metaspace       used 122927K, committed 125184K, reserved 1179648K
  class space    used 17374K, committed 18496K, reserved 1048576K
}
Event: 338.439 GC heap before
{Heap before GC invocations=73 (full 0):
 garbage-first heap   total 229376K, used 205723K [0x0000000700000000, 0x0000000800000000)
  region size 2048K, 36 young (73728K), 2 survivors (4096K)
 Metaspace       used 123032K, committed 125312K, reserved 1179648K
  class space    used 17379K, committed 18496K, reserved 1048576K
}
Event: 338.490 GC heap after
{Heap after GC invocations=74 (full 0):
 garbage-first heap   total 229376K, used 142152K [0x0000000700000000, 0x0000000800000000)
  region size 2048K, 4 young (8192K), 4 survivors (8192K)
 Metaspace       used 123032K, committed 125312K, reserved 1179648K
  class space    used 17379K, committed 18496K, reserved 1048576K
}
Event: 338.557 GC heap before
{Heap before GC invocations=74 (full 0):
 garbage-first heap   total 229376K, used 144200K [0x0000000700000000, 0x0000000800000000)
  region size 2048K, 5 young (10240K), 4 survivors (8192K)
 Metaspace       used 123032K, committed 125312K, reserved 1179648K
  class space    used 17379K, committed 18496K, reserved 1048576K
}
Event: 338.586 GC heap after
{Heap after GC invocations=75 (full 0):
 garbage-first heap   total 229376K, used 143417K [0x0000000700000000, 0x0000000800000000)
  region size 2048K, 1 young (2048K), 1 survivors (2048K)
 Metaspace       used 123032K, committed 125312K, reserved 1179648K
  class space    used 17379K, committed 18496K, reserved 1048576K
}
Event: 339.826 GC heap before
{Heap before GC invocations=76 (full 0):
 garbage-first heap   total 243712K, used 149561K [0x0000000700000000, 0x0000000800000000)
  region size 2048K, 5 young (10240K), 1 survivors (2048K)
 Metaspace       used 123033K, committed 125312K, reserved 1179648K
  class space    used 17379K, committed 18496K, reserved 1048576K
}
Event: 339.830 GC heap after
{Heap after GC invocations=77 (full 0):
 garbage-first heap   total 243712K, used 142599K [0x0000000700000000, 0x0000000800000000)
  region size 2048K, 1 young (2048K), 1 survivors (2048K)
 Metaspace       used 123033K, committed 125312K, reserved 1179648K
  class space    used 17379K, committed 18496K, reserved 1048576K
}
Event: 362.386 GC heap before
{Heap before GC invocations=77 (full 0):
 garbage-first heap   total 243712K, used 222471K [0x0000000700000000, 0x0000000800000000)
  region size 2048K, 41 young (83968K), 1 survivors (2048K)
 Metaspace       used 123304K, committed 125632K, reserved 1179648K
  class space    used 17417K, committed 18560K, reserved 1048576K
}
Event: 363.874 GC heap after
{Heap after GC invocations=78 (full 0):
 garbage-first heap   total 243712K, used 153506K [0x0000000700000000, 0x0000000800000000)
  region size 2048K, 6 young (12288K), 6 survivors (12288K)
 Metaspace       used 123304K, committed 125632K, reserved 1179648K
  class space    used 17417K, committed 18560K, reserved 1048576K
}
Event: 368.861 GC heap before
{Heap before GC invocations=78 (full 0):
 garbage-first heap   total 243712K, used 155554K [0x0000000700000000, 0x0000000800000000)
  region size 2048K, 7 young (14336K), 6 survivors (12288K)
 Metaspace       used 123306K, committed 125632K, reserved 1179648K
  class space    used 17417K, committed 18560K, reserved 1048576K
}

