# JRE version: OpenJDK Runtime Environment (21.0.8) (build 21.0.8+-14196175-b1038.72)
# Java VM: OpenJDK 64-Bit Server VM (21.0.8+-14196175-b1038.72, mixed mode, tiered, compressed oops, compressed class ptrs, g1 gc, windows-amd64)
GC Precious Log:
 CardTable entry size: 512
 Card Set container configuration: InlinePtr #cards 4 size 8 Array Of Cards #cards 16 size 48 Howl #buckets 8 coarsen threshold 3686 Howl Bitmap #cards 512 size 80 coarsen threshold 460 Card regions per heap region 1 cards per card region 4096
 CPUs: 4 total, 4 available
 Memory: 4027M
 Large Page Support: Disabled
 NUMA Support: Disabled
 Compressed Oops: Enabled (Zero based)
 Heap Region Size: 2M
 Heap Min Capacity: 8M
 Heap Initial Capacity: 64M
 Heap Max Capacity: 4G
 Pre-touch: Disabled
 Parallel Workers: 4
 Concurrent Workers: 1
 Concurrent Refinement Workers: 4
 Periodic GC: Disabled
Heap:
 garbage-first heap   total 120832K, used 72189K [0x0000000700000000, 0x0000000800000000)
  region size 2048K, 4 young (8192K), 2 survivors (4096K)
 Metaspace       used 84131K, committed 86016K, reserved 1179648K
  class space    used 12167K, committed 13120K, reserved 1048576K
GC Heap History (20 events):
Event: 75.540 GC heap before
{Heap before GC invocations=30 (full 0):
 garbage-first heap   total 83968K, used 62781K [0x0000000700000000, 0x0000000800000000)
  region size 2048K, 13 young (26624K), 3 survivors (6144K)
 Metaspace       used 65234K, committed 66944K, reserved 1114112K
  class space    used 9357K, committed 10176K, reserved 1048576K
}
Event: 75.553 GC heap after
{Heap after GC invocations=31 (full 0):
 garbage-first heap   total 83968K, used 45613K [0x0000000700000000, 0x0000000800000000)
  region size 2048K, 1 young (2048K), 1 survivors (2048K)
 Metaspace       used 65234K, committed 66944K, reserved 1114112K
  class space    used 9357K, committed 10176K, reserved 1048576K
}
Event: 76.986 GC heap before
{Heap before GC invocations=32 (full 0):
 garbage-first heap   total 86016K, used 82477K [0x0000000700000000, 0x0000000800000000)
  region size 2048K, 15 young (30720K), 1 survivors (2048K)
 Metaspace       used 68311K, committed 70016K, reserved 1114112K
  class space    used 9784K, committed 10624K, reserved 1048576K
}
Event: 76.991 GC heap after
{Heap after GC invocations=33 (full 0):
 garbage-first heap   total 88064K, used 55303K [0x0000000700000000, 0x0000000800000000)
  region size 2048K, 2 young (4096K), 2 survivors (4096K)
 Metaspace       used 68311K, committed 70016K, reserved 1114112K
  class space    used 9784K, committed 10624K, reserved 1048576K
}
Event: 78.010 GC heap before
{Heap before GC invocations=33 (full 0):
 garbage-first heap   total 88064K, used 75783K [0x0000000700000000, 0x0000000800000000)
  region size 2048K, 12 young (24576K), 2 survivors (4096K)
 Metaspace       used 71159K, committed 72896K, reserved 1114112K
  class space    used 10165K, committed 11008K, reserved 1048576K
}
Event: 78.023 GC heap after
{Heap after GC invocations=34 (full 0):
 garbage-first heap   total 88064K, used 55919K [0x0000000700000000, 0x0000000800000000)
  region size 2048K, 2 young (4096K), 2 survivors (4096K)
 Metaspace       used 71159K, committed 72896K, reserved 1114112K
  class space    used 10165K, committed 11008K, reserved 1048576K
}
Event: 83.895 GC heap before
{Heap before GC invocations=34 (full 0):
 garbage-first heap   total 88064K, used 76399K [0x0000000700000000, 0x0000000800000000)
  region size 2048K, 12 young (24576K), 2 survivors (4096K)
 Metaspace       used 73017K, committed 74752K, reserved 1114112K
  class space    used 10457K, committed 11328K, reserved 1048576K
}
Event: 83.901 GC heap after
{Heap after GC invocations=35 (full 0):
 garbage-first heap   total 88064K, used 56711K [0x0000000700000000, 0x0000000800000000)
  region size 2048K, 1 young (2048K), 1 survivors (2048K)
 Metaspace       used 73017K, committed 74752K, reserved 1114112K
  class space    used 10457K, committed 11328K, reserved 1048576K
}
Event: 84.906 GC heap before
{Heap before GC invocations=36 (full 0):
 garbage-first heap   total 96256K, used 79239K [0x0000000700000000, 0x0000000800000000)
  region size 2048K, 12 young (24576K), 1 survivors (2048K)
 Metaspace       used 74765K, committed 76480K, reserved 1114112K
  class space    used 10683K, committed 11520K, reserved 1048576K
}
Event: 84.911 GC heap after
{Heap after GC invocations=37 (full 0):
 garbage-first heap   total 96256K, used 57751K [0x0000000700000000, 0x0000000800000000)
  region size 2048K, 2 young (4096K), 2 survivors (4096K)
 Metaspace       used 74765K, committed 76480K, reserved 1114112K
  class space    used 10683K, committed 11520K, reserved 1048576K
}
Event: 86.275 GC heap before
{Heap before GC invocations=37 (full 0):
 garbage-first heap   total 96256K, used 88471K [0x0000000700000000, 0x0000000800000000)
  region size 2048K, 15 young (30720K), 2 survivors (4096K)
 Metaspace       used 76522K, committed 78336K, reserved 1179648K
  class space    used 10954K, committed 11840K, reserved 1048576K
}
Event: 86.284 GC heap after
{Heap after GC invocations=38 (full 0):
 garbage-first heap   total 98304K, used 62696K [0x0000000700000000, 0x0000000800000000)
  region size 2048K, 2 young (4096K), 2 survivors (4096K)
 Metaspace       used 76522K, committed 78336K, reserved 1179648K
  class space    used 10954K, committed 11840K, reserved 1048576K
}
Event: 87.049 GC heap before
{Heap before GC invocations=38 (full 0):
 garbage-first heap   total 98304K, used 85224K [0x0000000700000000, 0x0000000800000000)
  region size 2048K, 13 young (26624K), 2 survivors (4096K)
 Metaspace       used 78012K, committed 79744K, reserved 1179648K
  class space    used 11176K, committed 12032K, reserved 1048576K
}
Event: 87.059 GC heap after
{Heap after GC invocations=39 (full 0):
 garbage-first heap   total 98304K, used 63581K [0x0000000700000000, 0x0000000800000000)
  region size 2048K, 1 young (2048K), 1 survivors (2048K)
 Metaspace       used 78012K, committed 79744K, reserved 1179648K
  class space    used 11176K, committed 12032K, reserved 1048576K
}
Event: 90.508 GC heap before
{Heap before GC invocations=40 (full 0):
 garbage-first heap   total 110592K, used 84061K [0x0000000700000000, 0x0000000800000000)
  region size 2048K, 12 young (24576K), 1 survivors (2048K)
 Metaspace       used 79301K, committed 81088K, reserved 1179648K
  class space    used 11368K, committed 12224K, reserved 1048576K
}
Event: 90.529 GC heap after
{Heap after GC invocations=41 (full 0):
 garbage-first heap   total 110592K, used 66043K [0x0000000700000000, 0x0000000800000000)
  region size 2048K, 2 young (4096K), 2 survivors (4096K)
 Metaspace       used 79301K, committed 81088K, reserved 1179648K
  class space    used 11368K, committed 12224K, reserved 1048576K
}
Event: 99.230 GC heap before
{Heap before GC invocations=41 (full 0):
 garbage-first heap   total 110592K, used 96763K [0x0000000700000000, 0x0000000800000000)
  region size 2048K, 17 young (34816K), 2 survivors (4096K)
 Metaspace       used 81710K, committed 83520K, reserved 1179648K
  class space    used 11729K, committed 12608K, reserved 1048576K
}
Event: 99.594 GC heap after
{Heap after GC invocations=42 (full 0):
 garbage-first heap   total 110592K, used 67858K [0x0000000700000000, 0x0000000800000000)
  region size 2048K, 3 young (6144K), 3 survivors (6144K)
 Metaspace       used 81710K, committed 83520K, reserved 1179648K
  class space    used 11729K, committed 12608K, reserved 1048576K
}
Event: 117.266 GC heap before
{Heap before GC invocations=42 (full 0):
 garbage-first heap   total 110592K, used 94482K [0x0000000700000000, 0x0000000800000000)
  region size 2048K, 16 young (32768K), 3 survivors (6144K)
 Metaspace       used 84023K, committed 85952K, reserved 1179648K
  class space    used 12153K, committed 13120K, reserved 1048576K
}
Event: 117.345 GC heap after
{Heap after GC invocations=43 (full 0):
 garbage-first heap   total 110592K, used 70141K [0x0000000700000000, 0x0000000800000000)
  region size 2048K, 2 young (4096K), 2 survivors (4096K)
 Metaspace       used 84023K, committed 85952K, reserved 1179648K
  class space    used 12153K, committed 13120K, reserved 1048576K
}

