# JRE version: OpenJDK Runtime Environment Temurin-21.0.9+10 (21.0.9+10) (build 21.0.9+10-LTS)
# Java VM: OpenJDK 64-Bit Server VM Temurin-21.0.9+10 (21.0.9+10-LTS, mixed mode, sharing, tiered, compressed oops, compressed class ptrs, parallel gc, windows-amd64)
GC Precious Log:
 CardTable entry size: 512
 CPUs: 4 total, 4 available
 Memory: 4027M
 Large Page Support: Disabled
 NUMA Support: Disabled
 Compressed Oops: Enabled (32-bit)
 Alignments: Space 512K, Generation 512K, Heap 2M
 Heap Min Capacity: 100M
 Heap Initial Capacity: 100M
 Heap Max Capacity: 2G
 Pre-touch: Disabled
 Parallel Workers: 4
Heap:
 PSYoungGen      total 23552K, used 12917K [0x00000000d5580000, 0x00000000d6e80000, 0x0000000100000000)
  eden space 21504K, 56% used [0x00000000d5580000,0x00000000d615e560,0x00000000d6a80000)
  from space 2048K, 37% used [0x00000000d6a80000,0x00000000d6b3eee8,0x00000000d6c80000)
  to   space 1536K, 0% used [0x00000000d6d00000,0x00000000d6d00000,0x00000000d6e80000)
 ParOldGen       total 68608K, used 42451K [0x0000000080000000, 0x0000000084300000, 0x00000000d5580000)
  object space 68608K, 61% used [0x0000000080000000,0x0000000082974c60,0x0000000084300000)
 Metaspace       used 65391K, committed 66944K, reserved 1114112K
  class space    used 8273K, committed 8960K, reserved 1048576K
GC Heap History (20 events):
Event: 54.313 GC heap before
{Heap before GC invocations=35 (full 3):
 PSYoungGen      total 22016K, used 22010K [0x00000000d5580000, 0x00000000d6f80000, 0x0000000100000000)
  eden space 21504K, 100% used [0x00000000d5580000,0x00000000d6a80000,0x00000000d6a80000)
  from space 512K, 98% used [0x00000000d6e80000,0x00000000d6efe970,0x00000000d6f00000)
  to   space 512K, 0% used [0x00000000d6f00000,0x00000000d6f00000,0x00000000d6f80000)
 ParOldGen       total 68608K, used 39550K [0x0000000080000000, 0x0000000084300000, 0x00000000d5580000)
  object space 68608K, 57% used [0x0000000080000000,0x000000008269fab8,0x0000000084300000)
 Metaspace       used 58868K, committed 60160K, reserved 1114112K
  class space    used 7408K, committed 8000K, reserved 1048576K
}
Event: 54.314 GC heap after
{Heap after GC invocations=35 (full 3):
 PSYoungGen      total 22016K, used 508K [0x00000000d5580000, 0x00000000d6f80000, 0x0000000100000000)
  eden space 21504K, 0% used [0x00000000d5580000,0x00000000d5580000,0x00000000d6a80000)
  from space 512K, 99% used [0x00000000d6f00000,0x00000000d6f7f170,0x00000000d6f80000)
  to   space 1536K, 0% used [0x00000000d6c80000,0x00000000d6c80000,0x00000000d6e00000)
 ParOldGen       total 68608K, used 40413K [0x0000000080000000, 0x0000000084300000, 0x00000000d5580000)
  object space 68608K, 58% used [0x0000000080000000,0x0000000082777538,0x0000000084300000)
 Metaspace       used 58868K, committed 60160K, reserved 1114112K
  class space    used 7408K, committed 8000K, reserved 1048576K
}
Event: 54.530 GC heap before
{Heap before GC invocations=36 (full 3):
 PSYoungGen      total 22016K, used 22012K [0x00000000d5580000, 0x00000000d6f80000, 0x0000000100000000)
  eden space 21504K, 100% used [0x00000000d5580000,0x00000000d6a80000,0x00000000d6a80000)
  from space 512K, 99% used [0x00000000d6f00000,0x00000000d6f7f170,0x00000000d6f80000)
  to   space 1536K, 0% used [0x00000000d6c80000,0x00000000d6c80000,0x00000000d6e00000)
 ParOldGen       total 68608K, used 40413K [0x0000000080000000, 0x0000000084300000, 0x00000000d5580000)
  object space 68608K, 58% used [0x0000000080000000,0x0000000082777538,0x0000000084300000)
 Metaspace       used 58868K, committed 60160K, reserved 1114112K
  class space    used 7408K, committed 8000K, reserved 1048576K
}
Event: 54.531 GC heap after
{Heap after GC invocations=36 (full 3):
 PSYoungGen      total 23040K, used 1002K [0x00000000d5580000, 0x00000000d6f80000, 0x0000000100000000)
  eden space 21504K, 0% used [0x00000000d5580000,0x00000000d5580000,0x00000000d6a80000)
  from space 1536K, 65% used [0x00000000d6c80000,0x00000000d6d7a830,0x00000000d6e00000)
  to   space 1536K, 0% used [0x00000000d6e00000,0x00000000d6e00000,0x00000000d6f80000)
 ParOldGen       total 68608K, used 40469K [0x0000000080000000, 0x0000000084300000, 0x00000000d5580000)
  object space 68608K, 58% used [0x0000000080000000,0x0000000082785538,0x0000000084300000)
 Metaspace       used 58868K, committed 60160K, reserved 1114112K
  class space    used 7408K, committed 8000K, reserved 1048576K
}
Event: 54.829 GC heap before
{Heap before GC invocations=37 (full 3):
 PSYoungGen      total 23040K, used 22506K [0x00000000d5580000, 0x00000000d6f80000, 0x0000000100000000)
  eden space 21504K, 100% used [0x00000000d5580000,0x00000000d6a80000,0x00000000d6a80000)
  from space 1536K, 65% used [0x00000000d6c80000,0x00000000d6d7a830,0x00000000d6e00000)
  to   space 1536K, 0% used [0x00000000d6e00000,0x00000000d6e00000,0x00000000d6f80000)
 ParOldGen       total 68608K, used 40469K [0x0000000080000000, 0x0000000084300000, 0x00000000d5580000)
  object space 68608K, 58% used [0x0000000080000000,0x0000000082785538,0x0000000084300000)
 Metaspace       used 58868K, committed 60160K, reserved 1114112K
  class space    used 7408K, committed 8000K, reserved 1048576K
}
Event: 54.829 GC heap after
{Heap after GC invocations=37 (full 3):
 PSYoungGen      total 22528K, used 762K [0x00000000d5580000, 0x00000000d6f00000, 0x0000000100000000)
  eden space 21504K, 0% used [0x00000000d5580000,0x00000000d5580000,0x00000000d6a80000)
  from space 1024K, 74% used [0x00000000d6e00000,0x00000000d6ebeb78,0x00000000d6f00000)
  to   space 1024K, 0% used [0x00000000d6d00000,0x00000000d6d00000,0x00000000d6e00000)
 ParOldGen       total 68608K, used 40525K [0x0000000080000000, 0x0000000084300000, 0x00000000d5580000)
  object space 68608K, 59% used [0x0000000080000000,0x0000000082793538,0x0000000084300000)
 Metaspace       used 58868K, committed 60160K, reserved 1114112K
  class space    used 7408K, committed 8000K, reserved 1048576K
}
Event: 55.033 GC heap before
{Heap before GC invocations=38 (full 3):
 PSYoungGen      total 22528K, used 22266K [0x00000000d5580000, 0x00000000d6f00000, 0x0000000100000000)
  eden space 21504K, 100% used [0x00000000d5580000,0x00000000d6a80000,0x00000000d6a80000)
  from space 1024K, 74% used [0x00000000d6e00000,0x00000000d6ebeb78,0x00000000d6f00000)
  to   space 1024K, 0% used [0x00000000d6d00000,0x00000000d6d00000,0x00000000d6e00000)
 ParOldGen       total 68608K, used 40525K [0x0000000080000000, 0x0000000084300000, 0x00000000d5580000)
  object space 68608K, 59% used [0x0000000080000000,0x0000000082793538,0x0000000084300000)
 Metaspace       used 58868K, committed 60160K, reserved 1114112K
  class space    used 7408K, committed 8000K, reserved 1048576K
}
Event: 55.034 GC heap after
{Heap after GC invocations=38 (full 3):
 PSYoungGen      total 22528K, used 572K [0x00000000d5580000, 0x00000000d6e80000, 0x0000000100000000)
  eden space 21504K, 0% used [0x00000000d5580000,0x00000000d5580000,0x00000000d6a80000)
  from space 1024K, 55% used [0x00000000d6d00000,0x00000000d6d8f228,0x00000000d6e00000)
  to   space 512K, 0% used [0x00000000d6e00000,0x00000000d6e00000,0x00000000d6e80000)
 ParOldGen       total 68608K, used 40533K [0x0000000080000000, 0x0000000084300000, 0x00000000d5580000)
  object space 68608K, 59% used [0x0000000080000000,0x0000000082795538,0x0000000084300000)
 Metaspace       used 58868K, committed 60160K, reserved 1114112K
  class space    used 7408K, committed 8000K, reserved 1048576K
}
Event: 55.225 GC heap before
{Heap before GC invocations=39 (full 3):
 PSYoungGen      total 22528K, used 22076K [0x00000000d5580000, 0x00000000d6e80000, 0x0000000100000000)
  eden space 21504K, 100% used [0x00000000d5580000,0x00000000d6a80000,0x00000000d6a80000)
  from space 1024K, 55% used [0x00000000d6d00000,0x00000000d6d8f228,0x00000000d6e00000)
  to   space 512K, 0% used [0x00000000d6e00000,0x00000000d6e00000,0x00000000d6e80000)
 ParOldGen       total 68608K, used 40533K [0x0000000080000000, 0x0000000084300000, 0x00000000d5580000)
  object space 68608K, 59% used [0x0000000080000000,0x0000000082795538,0x0000000084300000)
 Metaspace       used 58868K, committed 60160K, reserved 1114112K
  class space    used 7408K, committed 8000K, reserved 1048576K
}
Event: 55.225 GC heap after
{Heap after GC invocations=39 (full 3):
 PSYoungGen      total 22016K, used 192K [0x00000000d5580000, 0x00000000d6e80000, 0x0000000100000000)
  eden space 21504K, 0% used [0x00000000d5580000,0x00000000d5580000,0x00000000d6a80000)
  from space 512K, 37% used [0x00000000d6e00000,0x00000000d6e30000,0x00000000d6e80000)
  to   space 512K, 0% used [0x00000000d6d80000,0x00000000d6d80000,0x00000000d6e00000)
 ParOldGen       total 68608K, used 40541K [0x0000000080000000, 0x0000000084300000, 0x00000000d5580000)
  object space 68608K, 59% used [0x0000000080000000,0x0000000082797538,0x0000000084300000)
 Metaspace       used 58868K, committed 60160K, reserved 1114112K
  class space    used 7408K, committed 8000K, reserved 1048576K
}
Event: 55.412 GC heap before
{Heap before GC invocations=40 (full 3):
 PSYoungGen      total 22016K, used 21680K [0x00000000d5580000, 0x00000000d6e80000, 0x0000000100000000)
  eden space 21504K, 99% used [0x00000000d5580000,0x00000000d6a7c3b0,0x00000000d6a80000)
  from space 512K, 37% used [0x00000000d6e00000,0x00000000d6e30000,0x00000000d6e80000)
  to   space 512K, 0% used [0x00000000d6d80000,0x00000000d6d80000,0x00000000d6e00000)
 ParOldGen       total 68608K, used 40541K [0x0000000080000000, 0x0000000084300000, 0x00000000d5580000)
  object space 68608K, 59% used [0x0000000080000000,0x0000000082797538,0x0000000084300000)
 Metaspace       used 58868K, committed 60160K, reserved 1114112K
  class space    used 7408K, committed 8000K, reserved 1048576K
}
Event: 55.413 GC heap after
{Heap after GC invocations=40 (full 3):
 PSYoungGen      total 22016K, used 230K [0x00000000d5580000, 0x00000000d6e80000, 0x0000000100000000)
  eden space 21504K, 0% used [0x00000000d5580000,0x00000000d5580000,0x00000000d6a80000)
  from space 512K, 45% used [0x00000000d6d80000,0x00000000d6db9a10,0x00000000d6e00000)
  to   space 512K, 0% used [0x00000000d6e00000,0x00000000d6e00000,0x00000000d6e80000)
 ParOldGen       total 68608K, used 40565K [0x0000000080000000, 0x0000000084300000, 0x00000000d5580000)
  object space 68608K, 59% used [0x0000000080000000,0x000000008279d538,0x0000000084300000)
 Metaspace       used 58868K, committed 60160K, reserved 1114112K
  class space    used 7408K, committed 8000K, reserved 1048576K
}
Event: 55.574 GC heap before
{Heap before GC invocations=41 (full 3):
 PSYoungGen      total 22016K, used 21734K [0x00000000d5580000, 0x00000000d6e80000, 0x0000000100000000)
  eden space 21504K, 100% used [0x00000000d5580000,0x00000000d6a80000,0x00000000d6a80000)
  from space 512K, 45% used [0x00000000d6d80000,0x00000000d6db9a10,0x00000000d6e00000)
  to   space 512K, 0% used [0x00000000d6e00000,0x00000000d6e00000,0x00000000d6e80000)
 ParOldGen       total 68608K, used 40565K [0x0000000080000000, 0x0000000084300000, 0x00000000d5580000)
  object space 68608K, 59% used [0x0000000080000000,0x000000008279d538,0x0000000084300000)
 Metaspace       used 58876K, committed 60160K, reserved 1114112K
  class space    used 7409K, committed 8000K, reserved 1048576K
}
Event: 55.574 GC heap after
{Heap after GC invocations=41 (full 3):
 PSYoungGen      total 22016K, used 128K [0x00000000d5580000, 0x00000000d6e80000, 0x0000000100000000)
  eden space 21504K, 0% used [0x00000000d5580000,0x00000000d5580000,0x00000000d6a80000)
  from space 512K, 25% used [0x00000000d6e00000,0x00000000d6e20000,0x00000000d6e80000)
  to   space 512K, 0% used [0x00000000d6d80000,0x00000000d6d80000,0x00000000d6e00000)
 ParOldGen       total 68608K, used 40581K [0x0000000080000000, 0x0000000084300000, 0x00000000d5580000)
  object space 68608K, 59% used [0x0000000080000000,0x00000000827a1538,0x0000000084300000)
 Metaspace       used 58876K, committed 60160K, reserved 1114112K
  class space    used 7409K, committed 8000K, reserved 1048576K
}
Event: 55.993 GC heap before
{Heap before GC invocations=42 (full 3):
 PSYoungGen      total 22016K, used 21632K [0x00000000d5580000, 0x00000000d6e80000, 0x0000000100000000)
  eden space 21504K, 100% used [0x00000000d5580000,0x00000000d6a80000,0x00000000d6a80000)
  from space 512K, 25% used [0x00000000d6e00000,0x00000000d6e20000,0x00000000d6e80000)
  to   space 512K, 0% used [0x00000000d6d80000,0x00000000d6d80000,0x00000000d6e00000)
 ParOldGen       total 68608K, used 40581K [0x0000000080000000, 0x0000000084300000, 0x00000000d5580000)
  object space 68608K, 59% used [0x0000000080000000,0x00000000827a1538,0x0000000084300000)
 Metaspace       used 61016K, committed 62400K, reserved 1114112K
  class space    used 7761K, committed 8384K, reserved 1048576K
}
Event: 55.994 GC heap after
{Heap after GC invocations=42 (full 3):
 PSYoungGen      total 22016K, used 480K [0x00000000d5580000, 0x00000000d6e80000, 0x0000000100000000)
  eden space 21504K, 0% used [0x00000000d5580000,0x00000000d5580000,0x00000000d6a80000)
  from space 512K, 93% used [0x00000000d6d80000,0x00000000d6df8010,0x00000000d6e00000)
  to   space 512K, 0% used [0x00000000d6e00000,0x00000000d6e00000,0x00000000d6e80000)
 ParOldGen       total 68608K, used 40860K [0x0000000080000000, 0x0000000084300000, 0x00000000d5580000)
  object space 68608K, 59% used [0x0000000080000000,0x00000000827e7238,0x0000000084300000)
 Metaspace       used 61016K, committed 62400K, reserved 1114112K
  class space    used 7761K, committed 8384K, reserved 1048576K
}
Event: 128.717 GC heap before
{Heap before GC invocations=43 (full 3):
 PSYoungGen      total 22016K, used 21984K [0x00000000d5580000, 0x00000000d6e80000, 0x0000000100000000)
  eden space 21504K, 100% used [0x00000000d5580000,0x00000000d6a80000,0x00000000d6a80000)
  from space 512K, 93% used [0x00000000d6d80000,0x00000000d6df8010,0x00000000d6e00000)
  to   space 512K, 0% used [0x00000000d6e00000,0x00000000d6e00000,0x00000000d6e80000)
 ParOldGen       total 68608K, used 40860K [0x0000000080000000, 0x0000000084300000, 0x00000000d5580000)
  object space 68608K, 59% used [0x0000000080000000,0x00000000827e7238,0x0000000084300000)
 Metaspace       used 62869K, committed 64320K, reserved 1114112K
  class space    used 7986K, committed 8640K, reserved 1048576K
}
Event: 128.722 GC heap after
{Heap after GC invocations=43 (full 3):
 PSYoungGen      total 22016K, used 480K [0x00000000d5580000, 0x00000000d6e80000, 0x0000000100000000)
  eden space 21504K, 0% used [0x00000000d5580000,0x00000000d5580000,0x00000000d6a80000)
  from space 512K, 93% used [0x00000000d6e00000,0x00000000d6e78020,0x00000000d6e80000)
  to   space 2048K, 0% used [0x00000000d6a80000,0x00000000d6a80000,0x00000000d6c80000)
 ParOldGen       total 68608K, used 42015K [0x0000000080000000, 0x0000000084300000, 0x00000000d5580000)
  object space 68608K, 61% used [0x0000000080000000,0x0000000082907c40,0x0000000084300000)
 Metaspace       used 62869K, committed 64320K, reserved 1114112K
  class space    used 7986K, committed 8640K, reserved 1048576K
}
Event: 135.194 GC heap before
{Heap before GC invocations=44 (full 3):
 PSYoungGen      total 22016K, used 21984K [0x00000000d5580000, 0x00000000d6e80000, 0x0000000100000000)
  eden space 21504K, 100% used [0x00000000d5580000,0x00000000d6a80000,0x00000000d6a80000)
  from space 512K, 93% used [0x00000000d6e00000,0x00000000d6e78020,0x00000000d6e80000)
  to   space 2048K, 0% used [0x00000000d6a80000,0x00000000d6a80000,0x00000000d6c80000)
 ParOldGen       total 68608K, used 42015K [0x0000000080000000, 0x0000000084300000, 0x00000000d5580000)
  object space 68608K, 61% used [0x0000000080000000,0x0000000082907c40,0x0000000084300000)
 Metaspace       used 64290K, committed 65792K, reserved 1114112K
  class space    used 8144K, committed 8832K, reserved 1048576K
}
Event: 135.198 GC heap after
{Heap after GC invocations=44 (full 3):
 PSYoungGen      total 23552K, used 763K [0x00000000d5580000, 0x00000000d6e80000, 0x0000000100000000)
  eden space 21504K, 0% used [0x00000000d5580000,0x00000000d5580000,0x00000000d6a80000)
  from space 2048K, 37% used [0x00000000d6a80000,0x00000000d6b3eee8,0x00000000d6c80000)
  to   space 1536K, 0% used [0x00000000d6d00000,0x00000000d6d00000,0x00000000d6e80000)
 ParOldGen       total 68608K, used 42451K [0x0000000080000000, 0x0000000084300000, 0x00000000d5580000)
  object space 68608K, 61% used [0x0000000080000000,0x0000000082974c60,0x0000000084300000)
 Metaspace       used 64290K, committed 65792K, reserved 1114112K
  class space    used 8144K, committed 8832K, reserved 1048576K
}

